
  █████╗ ██╗   ██╗████████╗██████╗ 
 ██╔══██╗██║   ██║╚══██╔══╝██╔══██╗
 ███████║██║   ██║   ██║   ██║  ██║
 ██╔══██║██║   ██║   ██║   ██║  ██║
 ██║  ██║╚██████╔╝   ██║   ██████╔╝
 ╚═╝  ╚═╝ ╚═════╝    ╚═╝   ╚═════╝ 
        F A C T O R Y

========================================
🚀 [Mon Mar  2 03:00:01 AM UTC 2026] Запуск Autofinisher Factory
========================================
🔍 Умный сбор микро-ниш для: 'digital planner'...
✅ Готово! Найдено чистых микро-ниш: 3
1. digital planner for samsung tablet
2. digital planner for macbook
3. digital planner for wall
⚙️ Планер: digital planner for samsung tablet
⚙️ Планер: digital planner for macbook
⚙️ Планер: digital planner for wall
⚙️ Постер: CYBERSECURITY
⚙️ Постер: DEVOPS
⚙️ Постер: PROMPT ENGINEER
✅ Уведомление в Telegram успешно отправлено!
✅ [Mon Mar  2 03:00:20 AM UTC 2026] Цикл завершен.
